This is pdfTeX, Version 3.14159265-2.6-1.40.19 (MiKTeX 2.9.6840 64-bit) (preloaded format=pdflatex 2018.11.4)  21 FEB 2019 05:23
entering extended mode
**./template-skripsi.tex
(template-skripsi.tex
LaTeX2e <2018-04-01> patch level 5
(jtetiskripsi.cls
Document Class: jtetiskripsi 
("C:\Users\Asus\AppData\Local\Programs\MiKTeX 2.9\tex\generic\babel\babel.sty"
Package: babel 2018/09/26 3.24 The Babel package

("C:\Users\Asus\AppData\Local\Programs\MiKTeX 2.9\tex\generic\babel\switch.def"
File: switch.def 2018/09/26 3.24 Babel switching mechanism
)
*************************************
* Local config file bblopts.cfg used
*
("C:\Users\Asus\AppData\Local\Programs\MiKTeX 2.9\tex\latex\arabi\bblopts.cfg"
File: bblopts.cfg 2005/09/08 v0.1 add Arabic and Farsi to "declared" options of
 babel
)
("C:\Users\Asus\AppData\Local\Programs\MiKTeX 2.9\tex\latex\babel-english\engli
sh.ldf"
Language: english 2017/06/06 v3.3r English support from the babel system

("C:\Users\Asus\AppData\Local\Programs\MiKTeX 2.9\tex\generic\babel\babel.def"
File: babel.def 2018/09/26 3.24 Babel common definitions
\babel@savecnt=\count80
\U@D=\dimen102

("C:\Users\Asus\AppData\Local\Programs\MiKTeX 2.9\tex\generic\babel\txtbabel.de
f")
\bbl@dirlevel=\count81
)
\l@canadian = a dialect from \language\l@american 
\l@australian = a dialect from \language\l@british 
\l@newzealand = a dialect from \language\l@british 
)
("C:\Users\Asus\AppData\Local\Programs\MiKTeX 2.9\tex\latex\babel-indonesian\ba
hasa.ldf"
Language: bahasa 2017/02/15 v1.0m Bahasa Indonesia support from the babel syste
m

("C:\Users\Asus\AppData\Local\Programs\MiKTeX 2.9\tex\latex\babel-indonesian\in
donesian.ldf"
Language: indonesian 2017/02/15 v1.0m Bahasa Indonesia support from the babel s
ystem
)))
("C:\Users\Asus\AppData\Local\Programs\MiKTeX 2.9\tex\latex\tools\indentfirst.s
ty"
Package: indentfirst 1995/11/23 v1.03 Indent first paragraph (DPC)
)
("C:\Users\Asus\AppData\Local\Programs\MiKTeX 2.9\tex\latex\setspace\setspace.s
ty"
Package: setspace 2011/12/19 v6.7a set line spacing
)
("C:\Users\Asus\AppData\Local\Programs\MiKTeX 2.9\tex\latex\base\fontenc.sty"
Package: fontenc 2017/04/05 v2.0i Standard LaTeX package

("C:\Users\Asus\AppData\Local\Programs\MiKTeX 2.9\tex\latex\base\t1enc.def"
File: t1enc.def 2017/04/05 v2.0i Standard LaTeX file
LaTeX Font Info:    Redeclaring font encoding T1 on input line 48.
))
("C:\Users\Asus\AppData\Local\Programs\MiKTeX 2.9\tex\latex\psnfss\times.sty"
Package: times 2005/04/12 PSNFSS-v9.2a (SPQR) 
)
("C:\Users\Asus\AppData\Local\Programs\MiKTeX 2.9\tex\latex\graphics\graphicx.s
ty"
Package: graphicx 2017/06/01 v1.1a Enhanced LaTeX Graphics (DPC,SPQR)

("C:\Users\Asus\AppData\Local\Programs\MiKTeX 2.9\tex\latex\graphics\keyval.sty
"
Package: keyval 2014/10/28 v1.15 key=value parser (DPC)
\KV@toks@=\toks14
)
("C:\Users\Asus\AppData\Local\Programs\MiKTeX 2.9\tex\latex\graphics\graphics.s
ty"
Package: graphics 2017/06/25 v1.2c Standard LaTeX Graphics (DPC,SPQR)

("C:\Users\Asus\AppData\Local\Programs\MiKTeX 2.9\tex\latex\graphics\trig.sty"
Package: trig 2016/01/03 v1.10 sin cos tan (DPC)
)
("C:\Users\Asus\AppData\Local\Programs\MiKTeX 2.9\tex\latex\graphics-cfg\graphi
cs.cfg"
File: graphics.cfg 2016/06/04 v1.11 sample graphics configuration
)
Package graphics Info: Driver file: pdftex.def on input line 99.

("C:\Users\Asus\AppData\Local\Programs\MiKTeX 2.9\tex\latex\graphics-def\pdftex
.def"
File: pdftex.def 2018/01/08 v1.0l Graphics/color driver for pdftex
))
\Gin@req@height=\dimen103
\Gin@req@width=\dimen104
)
("C:\Users\Asus\AppData\Local\Programs\MiKTeX 2.9\tex\latex\base\latexsym.sty"
Package: latexsym 1998/08/17 v2.2e Standard LaTeX package (lasy symbols)
\symlasy=\mathgroup4
LaTeX Font Info:    Overwriting symbol font `lasy' in version `bold'
(Font)                  U/lasy/m/n --> U/lasy/b/n on input line 52.
)
("C:\Users\Asus\AppData\Local\Programs\MiKTeX 2.9\tex\latex\geometry\geometry.s
ty"
Package: geometry 2018/04/16 v5.8 Page Geometry

("C:\Users\Asus\AppData\Local\Programs\MiKTeX 2.9\tex\generic\oberdiek\ifpdf.st
y"
Package: ifpdf 2018/09/07 v3.3 Provides the ifpdf switch
)
("C:\Users\Asus\AppData\Local\Programs\MiKTeX 2.9\tex\generic\oberdiek\ifvtex.s
ty"
Package: ifvtex 2016/05/16 v1.6 Detect VTeX and its facilities (HO)
Package ifvtex Info: VTeX not detected.
)
("C:\Users\Asus\AppData\Local\Programs\MiKTeX 2.9\tex\generic\ifxetex\ifxetex.s
ty"
Package: ifxetex 2010/09/12 v0.6 Provides ifxetex conditional
)
\Gm@cnth=\count82
\Gm@cntv=\count83
\c@Gm@tempcnt=\count84
\Gm@bindingoffset=\dimen105
\Gm@wd@mp=\dimen106
\Gm@odd@mp=\dimen107
\Gm@even@mp=\dimen108
\Gm@layoutwidth=\dimen109
\Gm@layoutheight=\dimen110
\Gm@layouthoffset=\dimen111
\Gm@layoutvoffset=\dimen112
\Gm@dimlist=\toks15

("C:\Users\Asus\AppData\Local\Programs\MiKTeX 2.9\tex\latex\geometry\geometry.c
fg"))
("C:\Users\Asus\AppData\Local\Programs\MiKTeX 2.9\tex\latex\tools\verbatim.sty"
Package: verbatim 2014/10/28 v1.5q LaTeX2e package for verbatim enhancements
\every@verbatim=\toks16
\verbatim@line=\toks17
\verbatim@in@stream=\read1
)
("C:\Users\Asus\AppData\Local\Programs\MiKTeX 2.9\tex\latex\tools\enumerate.sty
"
Package: enumerate 2015/07/23 v3.00 enumerate extensions (DPC)
\@enLab=\toks18
)
("C:\Users\Asus\AppData\Local\Programs\MiKTeX 2.9\tex\latex\booktabs\booktabs.s
ty"
Package: booktabs 2005/04/14 v1.61803 publication quality tables
\heavyrulewidth=\dimen113
\lightrulewidth=\dimen114
\cmidrulewidth=\dimen115
\belowrulesep=\dimen116
\belowbottomsep=\dimen117
\aboverulesep=\dimen118
\abovetopsep=\dimen119
\cmidrulesep=\dimen120
\cmidrulekern=\dimen121
\defaultaddspace=\dimen122
\@cmidla=\count85
\@cmidlb=\count86
\@aboverulesep=\dimen123
\@belowrulesep=\dimen124
\@thisruleclass=\count87
\@lastruleclass=\count88
\@thisrulewidth=\dimen125
)
("C:\Users\Asus\AppData\Local\Programs\MiKTeX 2.9\tex\latex\xcolor\xcolor.sty"
Package: xcolor 2016/05/11 v2.12 LaTeX color extensions (UK)

("C:\Users\Asus\AppData\Local\Programs\MiKTeX 2.9\tex\latex\graphics-cfg\color.
cfg"
File: color.cfg 2016/01/02 v1.6 sample color configuration
)
Package xcolor Info: Driver file: pdftex.def on input line 225.

("C:\Users\Asus\AppData\Local\Programs\MiKTeX 2.9\tex\latex\colortbl\colortbl.s
ty"
Package: colortbl 2018/05/02 v1.0c Color table columns (DPC)
 ("C:\Users\Asus\AppData\Local\Programs\MiKTeX 2.9\tex\latex\tools\array.sty"
Package: array 2018/04/30 v2.4h Tabular extension package (FMi)
\col@sep=\dimen126
\ar@mcellbox=\box26
\extrarowheight=\dimen127
\NC@list=\toks19
\extratabsurround=\skip41
\backup@length=\skip42
\ar@cellbox=\box27
)
\everycr=\toks20
\minrowclearance=\skip43
)
\rownum=\count89
Package xcolor Info: Model `cmy' substituted by `cmy0' on input line 1348.
Package xcolor Info: Model `hsb' substituted by `rgb' on input line 1352.
Package xcolor Info: Model `RGB' extended on input line 1364.
Package xcolor Info: Model `HTML' substituted by `rgb' on input line 1366.
Package xcolor Info: Model `Hsb' substituted by `hsb' on input line 1367.
Package xcolor Info: Model `tHsb' substituted by `hsb' on input line 1368.
Package xcolor Info: Model `HSB' substituted by `hsb' on input line 1369.
Package xcolor Info: Model `Gray' substituted by `gray' on input line 1370.
Package xcolor Info: Model `wave' substituted by `hsb' on input line 1371.
)
("C:\Users\Asus\AppData\Local\Programs\MiKTeX 2.9\tex\latex\multirow\multirow.s
ty"
Package: multirow 2018/08/03 v2.3 Span multiple rows of a table
\multirow@colwidth=\skip44
\multirow@cntb=\count90
\multirow@dima=\skip45
\bigstrutjot=\dimen128
) ("C:\Users\Asus\AppData\Local\Programs\MiKTeX 2.9\tex\latex\float\float.sty"
Package: float 2001/11/08 v1.3d Float enhancements (AL)
\c@float@type=\count91
\float@exts=\toks21
\float@box=\box28
\@float@everytoks=\toks22
\@floatcapt=\box29
) ("C:\Users\Asus\AppData\Local\Programs\MiKTeX 2.9\tex\latex\base\report.cls"
Document Class: report 2014/09/29 v1.4h Standard LaTeX document class
("C:\Users\Asus\AppData\Local\Programs\MiKTeX 2.9\tex\latex\base\size12.clo"
File: size12.clo 2014/09/29 v1.4h Standard LaTeX file (size option)
)
\c@part=\count92
\c@chapter=\count93
\c@section=\count94
\c@subsection=\count95
\c@subsubsection=\count96
\c@paragraph=\count97
\c@subparagraph=\count98
\c@figure=\count99
\c@table=\count100
\abovecaptionskip=\skip46
\belowcaptionskip=\skip47
\bibindent=\dimen129
)) ("C:\Users\Asus\AppData\Local\Programs\MiKTeX 2.9\tex\latex\tocloft\tocloft.
sty"
Package: tocloft 2017/08/31 v2.3i parameterised ToC, etc., typesetting
Package tocloft Info: The document has chapter divisions on input line 51.
\cftparskip=\skip48
\cftbeforetoctitleskip=\skip49
\cftaftertoctitleskip=\skip50
\cftbeforepartskip=\skip51
\cftpartnumwidth=\skip52
\cftpartindent=\skip53
\cftbeforechapskip=\skip54
\cftchapindent=\skip55
\cftchapnumwidth=\skip56
\cftbeforesecskip=\skip57
\cftsecindent=\skip58
\cftsecnumwidth=\skip59
\cftbeforesubsecskip=\skip60
\cftsubsecindent=\skip61
\cftsubsecnumwidth=\skip62
\cftbeforesubsubsecskip=\skip63
\cftsubsubsecindent=\skip64
\cftsubsubsecnumwidth=\skip65
\cftbeforeparaskip=\skip66
\cftparaindent=\skip67
\cftparanumwidth=\skip68
\cftbeforesubparaskip=\skip69
\cftsubparaindent=\skip70
\cftsubparanumwidth=\skip71
\cftbeforeloftitleskip=\skip72
\cftafterloftitleskip=\skip73
\cftbeforefigskip=\skip74
\cftfigindent=\skip75
\cftfignumwidth=\skip76
\c@lofdepth=\count101
\c@lotdepth=\count102
\cftbeforelottitleskip=\skip77
\cftafterlottitleskip=\skip78
\cftbeforetabskip=\skip79
\cfttabindent=\skip80
\cfttabnumwidth=\skip81
)
("C:\Users\Asus\AppData\Local\Programs\MiKTeX 2.9\tex\latex\hyperref\hyperref.s
ty"
Package: hyperref 2018/09/30 v6.88a Hypertext links for LaTeX

("C:\Users\Asus\AppData\Local\Programs\MiKTeX 2.9\tex\generic\oberdiek\hobsub-h
yperref.sty"
Package: hobsub-hyperref 2016/05/16 v1.14 Bundle oberdiek, subset hyperref (HO)


("C:\Users\Asus\AppData\Local\Programs\MiKTeX 2.9\tex\generic\oberdiek\hobsub-g
eneric.sty"
Package: hobsub-generic 2016/05/16 v1.14 Bundle oberdiek, subset generic (HO)
Package: hobsub 2016/05/16 v1.14 Construct package bundles (HO)
Package: infwarerr 2016/05/16 v1.4 Providing info/warning/error messages (HO)
Package: ltxcmds 2016/05/16 v1.23 LaTeX kernel commands for general use (HO)
Package: ifluatex 2016/05/16 v1.4 Provides the ifluatex switch (HO)
Package ifluatex Info: LuaTeX not detected.
Package hobsub Info: Skipping package `ifvtex' (already loaded).
Package: intcalc 2016/05/16 v1.2 Expandable calculations with integers (HO)
Package hobsub Info: Skipping package `ifpdf' (already loaded).
Package: etexcmds 2016/05/16 v1.6 Avoid name clashes with e-TeX commands (HO)
Package etexcmds Info: Could not find \expanded.
(etexcmds)             That can mean that you are not using pdfTeX 1.50 or
(etexcmds)             that some package has redefined \expanded.
(etexcmds)             In the latter case, load this package earlier.
Package: kvsetkeys 2016/05/16 v1.17 Key value parser (HO)
Package: kvdefinekeys 2016/05/16 v1.4 Define keys (HO)
Package: pdftexcmds 2018/09/10 v0.29 Utility functions of pdfTeX for LuaTeX (HO
)
Package pdftexcmds Info: LuaTeX not detected.
Package pdftexcmds Info: \pdf@primitive is available.
Package pdftexcmds Info: \pdf@ifprimitive is available.
Package pdftexcmds Info: \pdfdraftmode found.
Package: pdfescape 2016/05/16 v1.14 Implements pdfTeX's escape features (HO)
Package: bigintcalc 2016/05/16 v1.4 Expandable calculations on big integers (HO
)
Package: bitset 2016/05/16 v1.2 Handle bit-vector datatype (HO)
Package: uniquecounter 2016/05/16 v1.3 Provide unlimited unique counter (HO)
)
Package hobsub Info: Skipping package `hobsub' (already loaded).
Package: letltxmacro 2016/05/16 v1.5 Let assignment for LaTeX macros (HO)
Package: hopatch 2016/05/16 v1.3 Wrapper for package hooks (HO)
Package: xcolor-patch 2016/05/16 xcolor patch
Package: atveryend 2016/05/16 v1.9 Hooks at the very end of document (HO)
Package atveryend Info: \enddocument detected (standard20110627).
Package: atbegshi 2016/06/09 v1.18 At begin shipout hook (HO)
Package: refcount 2016/05/16 v3.5 Data extraction from label references (HO)
Package: hycolor 2016/05/16 v1.8 Color options for hyperref/bookmark (HO)
)
("C:\Users\Asus\AppData\Local\Programs\MiKTeX 2.9\tex\latex\oberdiek\auxhook.st
y"
Package: auxhook 2016/05/16 v1.4 Hooks for auxiliary files (HO)
)
("C:\Users\Asus\AppData\Local\Programs\MiKTeX 2.9\tex\latex\oberdiek\kvoptions.
sty"
Package: kvoptions 2016/05/16 v3.12 Key value format for package options (HO)
)
\@linkdim=\dimen130
\Hy@linkcounter=\count103
\Hy@pagecounter=\count104

("C:\Users\Asus\AppData\Local\Programs\MiKTeX 2.9\tex\latex\hyperref\pd1enc.def
"
File: pd1enc.def 2018/09/30 v6.88a Hyperref: PDFDocEncoding definition (HO)
Now handling font encoding PD1 ...
... no UTF-8 mapping file for font encoding PD1
)
\Hy@SavedSpaceFactor=\count105

("C:\Users\Asus\AppData\Local\Programs\MiKTeX 2.9\tex\latex\00miktex\hyperref.c
fg"
File: hyperref.cfg 2002/06/06 v1.2 hyperref configuration of TeXLive
)
Package hyperref Info: Hyper figures OFF on input line 4535.
Package hyperref Info: Link nesting OFF on input line 4540.
Package hyperref Info: Hyper index ON on input line 4543.
Package hyperref Info: Plain pages OFF on input line 4550.
Package hyperref Info: Backreferencing OFF on input line 4555.
Package hyperref Info: Implicit mode ON; LaTeX internals redefined.
Package hyperref Info: Bookmarks ON on input line 4788.
\c@Hy@tempcnt=\count106
 ("C:\Users\Asus\AppData\Local\Programs\MiKTeX 2.9\tex\latex\url\url.sty"
\Urlmuskip=\muskip10
Package: url 2013/09/16  ver 3.4  Verb mode for urls, etc.
)
LaTeX Info: Redefining \url on input line 5141.
\XeTeXLinkMargin=\dimen131
\Fld@menulength=\count107
\Field@Width=\dimen132
\Fld@charsize=\dimen133
Package hyperref Info: Hyper figures OFF on input line 6396.
Package hyperref Info: Link nesting OFF on input line 6401.
Package hyperref Info: Hyper index ON on input line 6404.
Package hyperref Info: backreferencing OFF on input line 6411.
Package hyperref Info: Link coloring OFF on input line 6416.
Package hyperref Info: Link coloring with OCG OFF on input line 6421.
Package hyperref Info: PDF/A mode OFF on input line 6426.
LaTeX Info: Redefining \ref on input line 6466.
LaTeX Info: Redefining \pageref on input line 6470.
\Hy@abspage=\count108
\c@Item=\count109
\c@Hfootnote=\count110
)
Package hyperref Info: Driver (autodetected): hpdftex.

("C:\Users\Asus\AppData\Local\Programs\MiKTeX 2.9\tex\latex\hyperref\hpdftex.de
f"
File: hpdftex.def 2018/09/30 v6.88a Hyperref driver for pdfTeX
\Fld@listcount=\count111
\c@bookmark@seq@number=\count112

("C:\Users\Asus\AppData\Local\Programs\MiKTeX 2.9\tex\latex\oberdiek\rerunfilec
heck.sty"
Package: rerunfilecheck 2016/05/16 v1.8 Rerun checks for auxiliary files (HO)
Package uniquecounter Info: New unique counter `rerunfilecheck' on input line 2
82.
)
\Hy@SectionHShift=\skip82
)
\mylenf=\skip83

("C:\Users\Asus\AppData\Local\Programs\MiKTeX 2.9\tex\latex\caption\caption.sty
"
Package: caption 2018/10/06 v3.3-154 Customizing captions (AR)

("C:\Users\Asus\AppData\Local\Programs\MiKTeX 2.9\tex\latex\caption\caption3.st
y"
Package: caption3 2018/09/12 v1.8c caption3 kernel (AR)
Package caption3 Info: TeX engine: e-TeX on input line 64.
\captionmargin=\dimen134
\captionmargin@=\dimen135
\captionwidth=\dimen136
\caption@tempdima=\dimen137
\caption@indent=\dimen138
\caption@parindent=\dimen139
\caption@hangindent=\dimen140
)
\c@caption@flags=\count113
\c@ContinuedFloat=\count114
Package caption Info: float package is loaded.
Package caption Info: hyperref package is loaded.
)
("C:\Users\Asus\AppData\Local\Programs\MiKTeX 2.9\tex\latex\caption\subcaption.
sty"
Package: subcaption 2018/05/01 v1.1-162 Sub-captions (AR)
\c@subfigure=\count115
\c@subtable=\count116
)
("C:\Users\Asus\AppData\Local\Programs\MiKTeX 2.9\tex\latex\pdfpages\pdfpages.s
ty"
Package: pdfpages 2017/10/31 v0.5l Insert pages of external PDF documents (AM)
 ("C:\Users\Asus\AppData\Local\Programs\MiKTeX 2.9\tex\latex\base\ifthen.sty"
Package: ifthen 2014/09/29 v1.1c Standard LaTeX ifthen package (DPC)
) ("C:\Users\Asus\AppData\Local\Programs\MiKTeX 2.9\tex\latex\tools\calc.sty"
Package: calc 2017/05/25 v4.3 Infix arithmetic (KKT,FJ)
\calc@Acount=\count117
\calc@Bcount=\count118
\calc@Adimen=\dimen141
\calc@Bdimen=\dimen142
\calc@Askip=\skip84
\calc@Bskip=\skip85
LaTeX Info: Redefining \setlength on input line 80.
LaTeX Info: Redefining \addtolength on input line 81.
\calc@Ccount=\count119
\calc@Cskip=\skip86
) ("C:\Users\Asus\AppData\Local\Programs\MiKTeX 2.9\tex\latex\eso-pic\eso-pic.s
ty"
Package: eso-pic 2018/04/12 v2.0h eso-pic (RN)
)
\AM@pagewidth=\dimen143
\AM@pageheight=\dimen144

("C:\Users\Asus\AppData\Local\Programs\MiKTeX 2.9\tex\latex\pdfpages\pppdftex.d
ef"
File: pppdftex.def 2017/10/31 v0.5l Pdfpages driver for pdfTeX (AM)
)
\AM@pagebox=\box30
\AM@global@opts=\toks23
\AM@toc@title=\toks24
\c@AM@survey=\count120
\AM@templatesizebox=\box31
)
("C:\Users\Asus\AppData\Local\Programs\MiKTeX 2.9\tex\latex\wrapfig\wrapfig.sty
"
\wrapoverhang=\dimen145
\WF@size=\dimen146
\c@WF@wrappedlines=\count121
\WF@box=\box32
\WF@everypar=\toks25
Package: wrapfig 2003/01/31  v 3.6
) (template-skripsi.aux (pengesahan.aux) (persetujuan.aux) (orisinalitas.aux)
(bab1.aux) (bab2.aux) (bab3.aux) (bab4.aux) (bab5.aux) (lampiran.aux) (cv.aux))
\openout1 = `template-skripsi.aux'.

LaTeX Font Info:    Checking defaults for OML/cmm/m/it on input line 97.
LaTeX Font Info:    ... okay on input line 97.
LaTeX Font Info:    Checking defaults for T1/cmr/m/n on input line 97.
LaTeX Font Info:    ... okay on input line 97.
LaTeX Font Info:    Checking defaults for OT1/cmr/m/n on input line 97.
LaTeX Font Info:    ... okay on input line 97.
LaTeX Font Info:    Checking defaults for OMS/cmsy/m/n on input line 97.
LaTeX Font Info:    ... okay on input line 97.
LaTeX Font Info:    Checking defaults for OMX/cmex/m/n on input line 97.
LaTeX Font Info:    ... okay on input line 97.
LaTeX Font Info:    Checking defaults for U/cmr/m/n on input line 97.
LaTeX Font Info:    ... okay on input line 97.
LaTeX Font Info:    Checking defaults for PD1/pdf/m/n on input line 97.
LaTeX Font Info:    ... okay on input line 97.
LaTeX Font Info:    Try loading font information for T1+ptm on input line 97.
("C:\Users\Asus\AppData\Local\Programs\MiKTeX 2.9\tex\latex\psnfss\t1ptm.fd"
File: t1ptm.fd 2001/06/04 font definitions for T1/ptm.
)
("C:\Users\Asus\AppData\Local\Programs\MiKTeX 2.9\tex\context\base\supp-pdf.mki
i"
[Loading MPS to PDF converter (version 2006.09.02).]
\scratchcounter=\count122
\scratchdimen=\dimen147
\scratchbox=\box33
\nofMPsegments=\count123
\nofMParguments=\count124
\everyMPshowfont=\toks26
\MPscratchCnt=\count125
\MPscratchDim=\dimen148
\MPnumerator=\count126
\makeMPintoPDFobject=\count127
\everyMPtoPDFconversion=\toks27
)
("C:\Users\Asus\AppData\Local\Programs\MiKTeX 2.9\tex\latex\oberdiek\epstopdf-b
ase.sty"
Package: epstopdf-base 2016/05/15 v2.6 Base part for package epstopdf

("C:\Users\Asus\AppData\Local\Programs\MiKTeX 2.9\tex\latex\oberdiek\grfext.sty
"
Package: grfext 2016/05/16 v1.2 Manage graphics extensions (HO)
)
Package epstopdf-base Info: Redefining graphics rule for `.eps' on input line 4
38.
Package grfext Info: Graphics extension search list:
(grfext)             [.pdf,.png,.jpg,.mps,.jpeg,.jbig2,.jb2,.PDF,.PNG,.JPG,.JPE
G,.JBIG2,.JB2,.eps]
(grfext)             \AppendGraphicsExtensions on input line 456.
)
*geometry* driver: auto-detecting
*geometry* detected driver: pdftex
*geometry* verbose mode - [ preamble ] result:
* pass: disregarded the geometry package!
* \paperwidth=597.50787pt
* \paperheight=845.04684pt
* \textwidth=406.87448pt
* \textheight=625.96062pt
* \oddsidemargin=41.54121pt
* \evensidemargin=41.54121pt
* \topmargin=-25.6073pt
* \headheight=12.0pt
* \headsep=65.44142pt
* \topskip=5.1654pt
* \footskip=42.67912pt
* \marginparwidth=0.0pt
* \marginparsep=0.0pt
* \columnsep=10.0pt
* \skip\footins=10.8pt plus 4.0pt minus 2.0pt
* \hoffset=0.0pt
* \voffset=0.0pt
* \mag=1000
* \@twocolumnfalse
* \@twosidefalse
* \@mparswitchfalse
* \@reversemarginfalse
* (1in=72.27pt=25.4mm, 1cm=28.453pt)

\AtBeginShipoutBox=\box34
Package hyperref Info: Link coloring OFF on input line 97.

("C:\Users\Asus\AppData\Local\Programs\MiKTeX 2.9\tex\latex\hyperref\nameref.st
y"
Package: nameref 2016/05/21 v2.44 Cross-referencing by name of section

("C:\Users\Asus\AppData\Local\Programs\MiKTeX 2.9\tex\generic\oberdiek\gettitle
string.sty"
Package: gettitlestring 2016/05/16 v1.5 Cleanup title references (HO)
)
\c@section@level=\count128
)
LaTeX Info: Redefining \ref on input line 97.
LaTeX Info: Redefining \pageref on input line 97.
LaTeX Info: Redefining \nameref on input line 97.
 (template-skripsi.out) (template-skripsi.out)
\@outlinefile=\write3
\openout3 = `template-skripsi.out'.

Package caption Info: Begin \AtBeginDocument code.
Package caption Info: wrapfig package is loaded.
Package caption Info: End \AtBeginDocument code.

("C:\Users\Asus\AppData\Local\Programs\MiKTeX 2.9\tex\latex\oberdiek\pdflscape.
sty"
Package: pdflscape 2016/05/14 v0.11 Display of landscape pages in PDF (HO)

("C:\Users\Asus\AppData\Local\Programs\MiKTeX 2.9\tex\latex\graphics\lscape.sty
"
Package: lscape 2000/10/22 v3.01 Landscape Pages (DPC)
)
Package pdflscape Info: Auto-detected driver: pdftex on input line 81.
)
LaTeX Font Info:    Font shape `T1/ptm/bx/n' in size <14> not available
(Font)              Font shape `T1/ptm/b/n' tried instead on input line 99.
LaTeX Font Info:    Font shape `T1/ptm/bx/it' in size <14> not available
(Font)              Font shape `T1/ptm/b/it' tried instead on input line 99.
<gambar/logounj.png, id=254, 186.38052pt x 186.38052pt>
File: gambar/logounj.png Graphic file (type png)
<use gambar/logounj.png>
Package pdftex.def Info: gambar/logounj.png  used on input line 99.
(pdftex.def)             Requested size: 162.7473pt x 162.7498pt.
 [1

{C:/Users/Asus/AppData/Local/MiKTeX/2.9/pdftex/config/pdftex.map} <./gambar/log
ounj.png>]
\openout2 = `pengesahan.aux'.

 (pengesahan.tex
LaTeX Font Info:    Font shape `T1/ptm/bx/n' in size <14.4> not available
(Font)              Font shape `T1/ptm/b/n' tried instead on input line 1.
LaTeX Font Info:    Font shape `T1/ptm/bx/n' in size <12> not available
(Font)              Font shape `T1/ptm/b/n' tried instead on input line 2.

Overfull \hbox (1.4672pt too wide) in paragraph at lines 2--4
[]\T1/ptm/m/n/12 Dengan ini sa-ya ma-ha-sis-wa Fa-kul-tas Ma-te-ma-ti-ka dan Il
-mu Pe-nge-ta-hu-an Alam,
 []

LaTeX Font Info:    External font `cmex10' loaded for size
(Font)              <12> on input line 7.
LaTeX Font Info:    External font `cmex10' loaded for size
(Font)              <8> on input line 7.
LaTeX Font Info:    External font `cmex10' loaded for size
(Font)              <6> on input line 7.
LaTeX Font Info:    Try loading font information for U+lasy on input line 7.
("C:\Users\Asus\AppData\Local\Programs\MiKTeX 2.9\tex\latex\base\ulasy.fd"
File: ulasy.fd 1998/08/17 v2.2e LaTeX symbol font definitions
)
Overfull \hbox (33.8696pt too wide) in paragraph at lines 7--13
[][] 
 []


Underfull \hbox (badness 10000) in paragraph at lines 48--51

 []


Underfull \hbox (badness 10000) in paragraph at lines 48--51

 []

) [2


]
\openout2 = `persetujuan.aux'.

 (persetujuan.tex
LaTeX Font Info:    Font shape `T1/ptm/bx/it' in size <12> not available
(Font)              Font shape `T1/ptm/b/it' tried instead on input line 5.

Overfull \hbox (21.55107pt too wide) in paragraph at lines 19--40
[]  
 []

) [3



]
\openout2 = `orisinalitas.aux'.

 (orisinalitas.tex) [4



] [5


] [6

]
Overfull \hbox (2.58582pt too wide) in paragraph at lines 135--143
[][] 
 []

[7] [8


]
LaTeX Font Info:    Font shape `T1/ptm/bx/it' in size <14.4> not available
(Font)              Font shape `T1/ptm/b/it' tried instead on input line 158.

Overfull \hbox (4.09363pt too wide) in paragraph at lines 163--164
[]\T1/ptm/m/n/12 Koperasi Ma-ha-siswa Uni-ver-si-tas Negeri Jakarta (KOPMA UNJ)
 is a university-
 []


Overfull \hbox (3.32925pt too wide) in paragraph at lines 166--168
\T1/ptm/b/n/12 Keywords: \T1/ptm/m/n/12 Web-site, in-for-ma-tion sys-tem, spi-r
al model, frame-work codeigniter, frame-
 []

[9


] (template-skripsi.toc [10

] [11])
\tf@toc=\write4
\openout4 = `template-skripsi.toc'.

 [12] (template-skripsi.lof
Overfull \hbox (0.4591pt too wide) in paragraph at lines 27--27
 [][] [][]\T1/ptm/m/n/12 Desain \T1/ptm/m/it/12 Acti-vi-ty Di-a-gram \T1/ptm/m/
n/12 Sis-tem Tran-sak-si Oleh \T1/ptm/m/it/12 Admin \T1/ptm/m/n/12 KOP- 
 []

[13

]
Overfull \hbox (3.7358pt too wide) in paragraph at lines 50--50
 [][] [][]\T1/ptm/m/n/12 Tampilan Ha-lam-an Pe-nyun-ting-an Da-ta Ke-ang-go-ta-
an oleh \T1/ptm/m/it/12 Admin[] []  
 []

[14])
\tf@lof=\write5
\openout5 = `template-skripsi.lof'.

 [15] (template-skripsi.lot)
\tf@lot=\write6
\openout6 = `template-skripsi.lot'.

 [16

]
\openout2 = `bab1.aux'.

 (bab1.tex
BAB I.
[1



] [2] [3]
LaTeX Font Info:    Try loading font information for OMS+ptm on input line 35.

("C:\Users\Asus\AppData\Local\Programs\MiKTeX 2.9\tex\latex\psnfss\omsptm.fd"
File: omsptm.fd 
)
LaTeX Font Info:    Font shape `OMS/ptm/m/n' in size <12> not available
(Font)              Font shape `OMS/cmsy/m/n' tried instead on input line 35.

Overfull \hbox (5.44597pt too wide) in paragraph at lines 39--40
\T1/ptm/m/it/12 co-de-ig-ni-ter \T1/ptm/m/n/12 pa-da ba-gi-an \T1/ptm/m/it/12 b
ack-end \T1/ptm/m/n/12 (sis-tem) dan \T1/ptm/m/it/12 fra-me-work bo-o-ts-trap \
T1/ptm/m/n/12 un-tuk mem-
 []

[4] [5]) [6]
\openout2 = `bab2.aux'.

 (bab2.tex
BAB II.

Underfull \hbox (badness 10000) in paragraph at lines 16--19

 []


Underfull \hbox (badness 10000) in paragraph at lines 16--19

 []

[7



] [8]
<gambar/Spiral.png, id=605, 587.19376pt x 310.15875pt>
File: gambar/Spiral.png Graphic file (type png)
<use gambar/Spiral.png>
Package pdftex.def Info: gambar/Spiral.png  used on input line 43.
(pdftex.def)             Requested size: 406.87448pt x 214.9137pt.
 [9 <./gambar/Spiral.png>] [10]
<gambar/T_Usecase.jpg, id=625, 815.29594pt x 1350.54562pt>
File: gambar/T_Usecase.jpg Graphic file (type jpg)
<use gambar/T_Usecase.jpg>
Package pdftex.def Info: gambar/T_Usecase.jpg  used on input line 66.
(pdftex.def)             Requested size: 366.18454pt x 606.58589pt.
 [11]
Overfull \vbox (5.12526pt too high) has occurred while \output is active []


[12 <./gambar/T_Usecase.jpg>]
<gambar/C_Usecase.jpg, id=635, 795.72281pt x 541.27219pt>
File: gambar/C_Usecase.jpg Graphic file (type jpg)
<use gambar/C_Usecase.jpg>
Package pdftex.def Info: gambar/C_Usecase.jpg  used on input line 72.
(pdftex.def)             Requested size: 406.87448pt x 276.7637pt.
 [13 <./gambar/C_Usecase.jpg>]
<gambar/T_Class.jpg, id=644, 928.21782pt x 980.16188pt>
File: gambar/T_Class.jpg Graphic file (type jpg)
<use gambar/T_Class.jpg>
Package pdftex.def Info: gambar/T_Class.jpg  used on input line 101.
(pdftex.def)             Requested size: 406.87448pt x 429.64235pt.
 [14]
<gambar/C_Class.jpg, id=651, 761.09344pt x 541.27219pt>
File: gambar/C_Class.jpg Graphic file (type jpg)
<use gambar/C_Class.jpg>
Package pdftex.def Info: gambar/C_Class.jpg  used on input line 107.
(pdftex.def)             Requested size: 406.87448pt x 289.36714pt.
 [15 <./gambar/T_Class.jpg>]
<gambar/T_Activity.jpg, id=658, 940.26282pt x 1093.08376pt>
File: gambar/T_Activity.jpg Graphic file (type jpg)
<use gambar/T_Activity.jpg>
Package pdftex.def Info: gambar/T_Activity.jpg  used on input line 116.
(pdftex.def)             Requested size: 406.87448pt x 473.00241pt.
<gambar/C_Activity.jpg, id=659, 801.74532pt x 677.53125pt>
File: gambar/C_Activity.jpg Graphic file (type jpg)
<use gambar/C_Activity.jpg>
Package pdftex.def Info: gambar/C_Activity.jpg  used on input line 121.
(pdftex.def)             Requested size: 406.87448pt x 343.84088pt.
 [16 <./gambar/C_Class.jpg>] [17 <./gambar/T_Activity.jpg>]
[18 <./gambar/C_Activity.jpg>]
<gambar/C_Database.png, id=675, 552.56438pt x 391.4625pt>
File: gambar/C_Database.png Graphic file (type png)
<use gambar/C_Database.png>
Package pdftex.def Info: gambar/C_Database.png  used on input line 130.
(pdftex.def)             Requested size: 406.87448pt x 288.24413pt.
<gambar/T_ERD.jpg, id=677, 999.735pt x 1244.39906pt>
File: gambar/T_ERD.jpg Graphic file (type jpg)
<use gambar/T_ERD.jpg>
Package pdftex.def Info: gambar/T_ERD.jpg  used on input line 139.
(pdftex.def)             Requested size: 406.87448pt x 506.44731pt.
 [19 <./gambar/C_Database.png>]
<gambar/C_ERD.jpg, id=682, 816.80156pt x 412.54124pt>
File: gambar/C_ERD.jpg Graphic file (type jpg)
<use gambar/C_ERD.jpg>
Package pdftex.def Info: gambar/C_ERD.jpg  used on input line 145.
(pdftex.def)             Requested size: 406.87448pt x 205.50214pt.
 [20 <./gambar/T_ERD.jpg>] [21 <./gambar/C_ERD.jpg>] [22] [23]
File: gambar/C_ERD.jpg Graphic file (type jpg)
<use gambar/C_ERD.jpg>
Package pdftex.def Info: gambar/C_ERD.jpg  used on input line 199.
(pdftex.def)             Requested size: 406.87448pt x 205.50214pt.
 [24]
Overfull \hbox (9.71808pt too wide) in paragraph at lines 214--215
[]\T1/ptm/m/it/12 Codeigniter \T1/ptm/m/n/12 di-da-sark-an pa-da po-la pe-ngem-
bang-an \T1/ptm/m/it/12 Model-View-Controller (MVC)\T1/ptm/m/n/12 .
 []

[25] [26] [27] [28]
Overfull \hbox (0.95374pt too wide) in paragraph at lines 284--285
\T1/ptm/m/n/12 car-an ke-or-ga-ni-sa-si-an KOP-MA UNJ. Bi-dang pe-ngem-bang di-
da-lam-nya usa-
 []

[29] [30] [31]
Underfull \hbox (badness 10000) in paragraph at lines 343--346

 []

[32] [33]
<gambar/Rumus.png, id=821, 443.40656pt x 209.28188pt>
File: gambar/Rumus.png Graphic file (type png)
<use gambar/Rumus.png>
Package pdftex.def Info: gambar/Rumus.png  used on input line 383.
(pdftex.def)             Requested size: 406.87448pt x 192.04985pt.
 [34] [35 <./gambar/Rumus.png>]) [36]
\openout2 = `bab3.aux'.

 (bab3.tex
BAB III.
[37



]
<gambar/ERD.png, id=853, 520.19344pt x 867.24pt>
File: gambar/ERD.png Graphic file (type png)
<use gambar/ERD.png>
Package pdftex.def Info: gambar/ERD.png  used on input line 35.
(pdftex.def)             Requested size: 345.84578pt x 576.57504pt.
 [38] [39 <./gambar/ERD.png>]
<gambar/Usecase.jpg, id=868, 736.7525pt x 576.1525pt>
File: gambar/Usecase.jpg Graphic file (type jpg)
<use gambar/Usecase.jpg>
Package pdftex.def Info: gambar/Usecase.jpg  used on input line 67.
(pdftex.def)             Requested size: 406.87448pt x 318.17717pt.
 [40] [41 <./gambar/Usecase.jpg>]
<gambar/Class.png, id=880, 645.41125pt x 1107.13625pt>
File: gambar/Class.png Graphic file (type png)
<use gambar/Class.png>
Package pdftex.def Info: gambar/Class.png  used on input line 76.
(pdftex.def)             Requested size: 366.18454pt x 628.15164pt.
 [42]
Overfull \vbox (26.69101pt too high) has occurred while \output is active []


[43 <./gambar/Class.png>]
<gambar/A_Daftar.jpg, id=890, 563.10374pt x 655.44875pt>
File: gambar/A_Daftar.jpg Graphic file (type jpg)
<use gambar/A_Daftar.jpg>
Package pdftex.def Info: gambar/A_Daftar.jpg  used on input line 85.
(pdftex.def)             Requested size: 406.87448pt x 473.60297pt.
 [44] [45 <./gambar/A_Daftar.jpg>]
<gambar/A_Kelola.jpg, id=900, 758.835pt x 785.93625pt>
File: gambar/A_Kelola.jpg Graphic file (type jpg)
<use gambar/A_Kelola.jpg>
Package pdftex.def Info: gambar/A_Kelola.jpg  used on input line 93.
(pdftex.def)             Requested size: 406.87448pt x 421.41315pt.
 [46 <./gambar/A_Kelola.jpg>]
File: gambar/A_Kelola.jpg Graphic file (type jpg)
<use gambar/A_Kelola.jpg>
Package pdftex.def Info: gambar/A_Kelola.jpg  used on input line 101.
(pdftex.def)             Requested size: 406.87448pt x 421.41315pt.
 [47]
<gambar/A_Nilai.jpg, id=909, 758.835pt x 785.93625pt>
File: gambar/A_Nilai.jpg Graphic file (type jpg)
<use gambar/A_Nilai.jpg>
Package pdftex.def Info: gambar/A_Nilai.jpg  used on input line 109.
(pdftex.def)             Requested size: 406.87448pt x 421.41315pt.
 [48]
<gambar/Database.jpg, id=914, 661.47125pt x 497.86pt>
File: gambar/Database.jpg Graphic file (type jpg)
<use gambar/Database.jpg>
Package pdftex.def Info: gambar/Database.jpg  used on input line 118.
(pdftex.def)             Requested size: 406.87448pt x 306.23146pt.
 [49 <./gambar/A_Nilai.jpg>] [50 <./gambar/Database.jpg>]
<gambar/Login.png, id=923, 963.6pt x 542.025pt>
File: gambar/Login.png Graphic file (type png)
<use gambar/Login.png>
Package pdftex.def Info: gambar/Login.png  used on input line 129.
(pdftex.def)             Requested size: 406.87448pt x 228.86472pt.
<gambar/Daftar.png, id=924, 963.6pt x 542.025pt>
File: gambar/Daftar.png Graphic file (type png)
<use gambar/Daftar.png>
Package pdftex.def Info: gambar/Daftar.png  used on input line 137.
(pdftex.def)             Requested size: 406.87448pt x 228.86472pt.

[51 <./gambar/Login.png>]
<gambar/Biodata.png, id=930, 963.6pt x 542.025pt>
File: gambar/Biodata.png Graphic file (type png)
<use gambar/Biodata.png>
Package pdftex.def Info: gambar/Biodata.png  used on input line 145.
(pdftex.def)             Requested size: 406.87448pt x 228.86472pt.
 [52 <./gambar/Daftar.png>]
<gambar/shu.png, id=935, 963.6pt x 542.025pt>
File: gambar/shu.png Graphic file (type png)
<use gambar/shu.png>
Package pdftex.def Info: gambar/shu.png  used on input line 151.
(pdftex.def)             Requested size: 406.87448pt x 228.86472pt.
<gambar/List_Barang.png, id=936, 963.6pt x 542.025pt>
File: gambar/List_Barang.png Graphic file (type png)
<use gambar/List_Barang.png>
Package pdftex.def Info: gambar/List_Barang.png  used on input line 159.
(pdftex.def)             Requested size: 406.87448pt x 228.86472pt.
 [53 <./gambar/Biodata.png> <./gambar/shu.png>]
<gambar/Barang.png, id=941, 963.6pt x 542.025pt>
File: gambar/Barang.png Graphic file (type png)
<use gambar/Barang.png>
Package pdftex.def Info: gambar/Barang.png  used on input line 167.
(pdftex.def)             Requested size: 406.87448pt x 228.86472pt.
 [54 <./gambar/List_Barang.png>]
<gambar/Transaksi.png, id=946, 963.6pt x 542.025pt>
File: gambar/Transaksi.png Graphic file (type png)
<use gambar/Transaksi.png>
Package pdftex.def Info: gambar/Transaksi.png  used on input line 173.
(pdftex.def)             Requested size: 406.87448pt x 228.86472pt.
 [55 <./gambar/Barang.png> <./gambar/Transaksi.png>]
<gambar/Verif.png, id=951, 963.6pt x 542.025pt>
File: gambar/Verif.png Graphic file (type png)
<use gambar/Verif.png>
Package pdftex.def Info: gambar/Verif.png  used on input line 181.
(pdftex.def)             Requested size: 406.87448pt x 228.86472pt.
<gambar/Nilai.png, id=952, 963.6pt x 542.025pt>
File: gambar/Nilai.png Graphic file (type png)
<use gambar/Nilai.png>
Package pdftex.def Info: gambar/Nilai.png  used on input line 189.
(pdftex.def)             Requested size: 406.87448pt x 228.86472pt.
 [56 <./gambar/Verif.png>]
Overfull \hbox (7.91116pt too wide) in paragraph at lines 197--198
[]\T1/ptm/m/n/12 Basis da-ta di-ba-ngun meng-gu-na-kan MySQL PHPMyA-dmin pa-da 
apli-ka-si XAM-
 []

<gambar/table_db.png, id=957, 876.27374pt x 370.38374pt>
File: gambar/table_db.png Graphic file (type png)
<use gambar/table_db.png>
Package pdftex.def Info: gambar/table_db.png  used on input line 201.
(pdftex.def)             Requested size: 406.87448pt x 171.97798pt.
[57 <./gambar/Nilai.png>]
<gambar/db_relation.png, id=963, 684.30656pt x 559.33969pt>
File: gambar/db_relation.png Graphic file (type png)
<use gambar/db_relation.png>
Package pdftex.def Info: gambar/db_relation.png  used on input line 207.
(pdftex.def)             Requested size: 406.87448pt x 332.57654pt.
 [58 <./gambar/table_db.png> <./gambar/db_relation.png>]
<gambar/web_login.png, id=968, 1065.9825pt x 623.32875pt>
File: gambar/web_login.png Graphic file (type png)
<use gambar/web_login.png>
Package pdftex.def Info: gambar/web_login.png  used on input line 218.
(pdftex.def)             Requested size: 406.87448pt x 237.91362pt.
 [59 <./gambar/web_login.png>]
<gambar/web_daftar.png, id=973, 1028.34187pt x 578.16pt>
File: gambar/web_daftar.png Graphic file (type png)
<use gambar/web_daftar.png>
Package pdftex.def Info: gambar/web_daftar.png  used on input line 226.
(pdftex.def)             Requested size: 406.87448pt x 228.75446pt.
<gambar/web_dash_admin.png, id=974, 1028.34187pt x 578.16pt>
File: gambar/web_dash_admin.png Graphic file (type png)
<use gambar/web_dash_admin.png>
Package pdftex.def Info: gambar/web_dash_admin.png  used on input line 234.
(pdftex.def)             Requested size: 406.87448pt x 228.75446pt.
 [60 <./gambar/web_daftar.png>]
<gambar/web_bio.png, id=979, 1028.34187pt x 578.16pt>
File: gambar/web_bio.png Graphic file (type png)
<use gambar/web_bio.png>
Package pdftex.def Info: gambar/web_bio.png  used on input line 242.
(pdftex.def)             Requested size: 406.87448pt x 228.75446pt.
 [61 <./gambar/web_dash_admin.png>]
<gambar/web_terima.png, id=984, 1028.34187pt x 578.16pt>
File: gambar/web_terima.png Graphic file (type png)
<use gambar/web_terima.png>
Package pdftex.def Info: gambar/web_terima.png  used on input line 250.
(pdftex.def)             Requested size: 406.87448pt x 228.75446pt.
 [62 <./gambar/web_bio.png>]
<gambar/web_uang.png, id=989, 1065.9825pt x 623.32875pt>
File: gambar/web_uang.png Graphic file (type png)
<use gambar/web_uang.png>
Package pdftex.def Info: gambar/web_uang.png  used on input line 258.
(pdftex.def)             Requested size: 406.87448pt x 237.91362pt.
 [63 <./gambar/web_terima.png>]
<gambar/web_kelola.png, id=995, 1028.34187pt x 578.16pt>
File: gambar/web_kelola.png Graphic file (type png)
<use gambar/web_kelola.png>
Package pdftex.def Info: gambar/web_kelola.png  used on input line 266.
(pdftex.def)             Requested size: 406.87448pt x 228.75446pt.

[64 <./gambar/web_uang.png>]
<gambar/web_admin_anggota.png, id=1000, 1028.34187pt x 578.16pt>
File: gambar/web_admin_anggota.png Graphic file (type png)
<use gambar/web_admin_anggota.png>
Package pdftex.def Info: gambar/web_admin_anggota.png  used on input line 274.
(pdftex.def)             Requested size: 406.87448pt x 228.75446pt.
 [65 <./gambar/web_kelola.png>]
<gambar/web_admin_tambah_transaksi.png, id=1005, 1065.9825pt x 623.32875pt>
File: gambar/web_admin_tambah_transaksi.png Graphic file (type png)
<use gambar/web_admin_tambah_transaksi.png>
Package pdftex.def Info: gambar/web_admin_tambah_transaksi.png  used on input l
ine 282.
(pdftex.def)             Requested size: 406.87448pt x 237.91362pt.
 [66 <./gambar/web_admin_anggota.png>]
<gambar/web_admin_edit_anggota.png, id=1010, 1028.34187pt x 578.16pt>
File: gambar/web_admin_edit_anggota.png Graphic file (type png)
<use gambar/web_admin_edit_anggota.png>
Package pdftex.def Info: gambar/web_admin_edit_anggota.png  used on input line 
290.
(pdftex.def)             Requested size: 406.87448pt x 228.75446pt.
 [67 <./gambar/web_admin_tambah_transaksi.png> <./gambar/web_admin_edit_anggota
.png>]
<gambar/web_admin_cetak.png, id=1015, 1065.9825pt x 623.32875pt>
File: gambar/web_admin_cetak.png Graphic file (type png)
<use gambar/web_admin_cetak.png>
Package pdftex.def Info: gambar/web_admin_cetak.png  used on input line 298.
(pdftex.def)             Requested size: 406.87448pt x 237.91362pt.
<gambar/excel_data.png, id=1016, 1065.9825pt x 623.32875pt>
File: gambar/excel_data.png Graphic file (type png)
<use gambar/excel_data.png>
Package pdftex.def Info: gambar/excel_data.png  used on input line 304.
(pdftex.def)             Requested size: 406.87448pt x 237.91362pt.
 [68 <./gambar/web_admin_cetak.png> <./gambar/excel_data.png>]
<gambar/web_anggota.png, id=1021, 1028.34187pt x 578.16pt>
File: gambar/web_anggota.png Graphic file (type png)
<use gambar/web_anggota.png>
Package pdftex.def Info: gambar/web_anggota.png  used on input line 312.
(pdftex.def)             Requested size: 406.87448pt x 228.75446pt.
<gambar/web_anggota_barang.png, id=1022, 1028.34187pt x 578.16pt>
File: gambar/web_anggota_barang.png Graphic file (type png)
<use gambar/web_anggota_barang.png>
Package pdftex.def Info: gambar/web_anggota_barang.png  used on input line 318.

(pdftex.def)             Requested size: 406.87448pt x 228.75446pt.
 [69 <./gambar/web_anggota.png>]
Overfull \hbox (3.2672pt too wide) in paragraph at lines 322--323
[]\T1/ptm/m/n/12 Tampilan \T1/ptm/m/it/12 user \T1/ptm/m/n/12 ter-a-khir ada-la
h tam-pil-an be-ran-da \T1/ptm/m/it/12 user \T1/ptm/m/n/12 ber-s-ta-tus pe-nga-
was. Tam-
 []

<gambar/web_pengawas.png, id=1028, 1028.34187pt x 578.16pt>
File: gambar/web_pengawas.png Graphic file (type png)
<use gambar/web_pengawas.png>
Package pdftex.def Info: gambar/web_pengawas.png  used on input line 326.
(pdftex.def)             Requested size: 406.87448pt x 228.75446pt.
[70 <./gambar/web_anggota_barang.png>]
<gambar/web_pengawas_tambah.png, id=1033, 1028.34187pt x 578.16pt>
File: gambar/web_pengawas_tambah.png Graphic file (type png)
<use gambar/web_pengawas_tambah.png>
Package pdftex.def Info: gambar/web_pengawas_tambah.png  used on input line 332
.
(pdftex.def)             Requested size: 406.87448pt x 228.75446pt.
<gambar/web_pengawas_edit.png, id=1034, 1028.34187pt x 578.16pt>
File: gambar/web_pengawas_edit.png Graphic file (type png)
<use gambar/web_pengawas_edit.png>
Package pdftex.def Info: gambar/web_pengawas_edit.png  used on input line 338.
(pdftex.def)             Requested size: 406.87448pt x 228.75446pt.
 [71 <./gambar/web_pengawas.png> <./gambar/web_pengawas_tambah.png>]
<gambar/web_pengawas_nilai.png, id=1039, 1028.34187pt x 578.16pt>
File: gambar/web_pengawas_nilai.png Graphic file (type png)
<use gambar/web_pengawas_nilai.png>
Package pdftex.def Info: gambar/web_pengawas_nilai.png  used on input line 344.

(pdftex.def)             Requested size: 406.87448pt x 228.75446pt.
 [72 <./gambar/web_pengawas_edit.png> <./gambar/web_pengawas_nilai.png>]
<gambar/ctrl_anggota.jpg, id=1044, 1065.9825pt x 623.32875pt>
File: gambar/ctrl_anggota.jpg Graphic file (type jpg)
<use gambar/ctrl_anggota.jpg>
Package pdftex.def Info: gambar/ctrl_anggota.jpg  used on input line 353.
(pdftex.def)             Requested size: 406.87448pt x 237.91362pt.
<gambar/model_anggota.jpg, id=1045, 1065.9825pt x 623.32875pt>
File: gambar/model_anggota.jpg Graphic file (type jpg)
<use gambar/model_anggota.jpg>
Package pdftex.def Info: gambar/model_anggota.jpg  used on input line 359.
(pdftex.def)             Requested size: 406.87448pt x 237.91362pt.
 [73 <./gambar/ctrl_anggota.jpg>]
<gambar/view_anggota.jpg, id=1050, 1065.9825pt x 623.32875pt>
File: gambar/view_anggota.jpg Graphic file (type jpg)
<use gambar/view_anggota.jpg>
Package pdftex.def Info: gambar/view_anggota.jpg  used on input line 365.
(pdftex.def)             Requested size: 406.87448pt x 237.91362pt.
) [74 <./gambar/model_anggota.jpg> <./gambar/view_anggota.jpg>] [75]
\openout2 = `bab4.aux'.

 (bab4.tex
BAB IV.
[76



] [77]
Underfull \hbox (badness 10000) in paragraph at lines 68--69

 []

[78]
Underfull \hbox (badness 10000) in paragraph at lines 96--97

 []

[79]
<gambar/Tabel_Admin1.jpg, id=1112, 1002.74625pt x 1439.3775pt>
File: gambar/Tabel_Admin1.jpg Graphic file (type jpg)
<use gambar/Tabel_Admin1.jpg>
Package pdftex.def Info: gambar/Tabel_Admin1.jpg  used on input line 115.
(pdftex.def)             Requested size: 406.87448pt x 584.04286pt.
 [80]
<gambar/Tabel_Admin2.jpg, id=1117, 1012.5328pt x 1366.35469pt>
File: gambar/Tabel_Admin2.jpg Graphic file (type jpg)
<use gambar/Tabel_Admin2.jpg>
Package pdftex.def Info: gambar/Tabel_Admin2.jpg  used on input line 121.
(pdftex.def)             Requested size: 406.87448pt x 549.05492pt.
 [81 <./gambar/Tabel_Admin1.jpg>] [82 <./gambar/Tabel_Admin2.jpg>]
<gambar/Hasil_Admin.png, id=1127, 526.21594pt x 431.36156pt>
File: gambar/Hasil_Admin.png Graphic file (type png)
<use gambar/Hasil_Admin.png>
Package pdftex.def Info: gambar/Hasil_Admin.png  used on input line 129.
(pdftex.def)             Requested size: 406.87448pt x 333.54482pt.

[83 <./gambar/Hasil_Admin.png>]
<gambar/Grafik_Admin.png, id=1135, 285.31593pt x 172.39406pt>
File: gambar/Grafik_Admin.png Graphic file (type png)
<use gambar/Grafik_Admin.png>
Package pdftex.def Info: gambar/Grafik_Admin.png  used on input line 145.
(pdftex.def)             Requested size: 406.87448pt x 245.84294pt.
<gambar/Tabel_Anggota.jpg, id=1136, 1001.24063pt x 791.95876pt>
File: gambar/Tabel_Anggota.jpg Graphic file (type jpg)
<use gambar/Tabel_Anggota.jpg>
Package pdftex.def Info: gambar/Tabel_Anggota.jpg  used on input line 157.
(pdftex.def)             Requested size: 406.87448pt x 321.82913pt.
 [84 <./gambar/Grafik_Admin.png>]
<gambar/Hasil_Anggota.png, id=1144, 859.71187pt x 269.50688pt>
File: gambar/Hasil_Anggota.png Graphic file (type png)
<use gambar/Hasil_Anggota.png>
Package pdftex.def Info: gambar/Hasil_Anggota.png  used on input line 165.
(pdftex.def)             Requested size: 406.87448pt x 127.54828pt.
 [85 <./gambar/Tabel_Anggota.jpg>]
<gambar/Grafik_Anggota.png, id=1149, 527.72156pt x 316.93407pt>
File: gambar/Grafik_Anggota.png Graphic file (type png)
<use gambar/Grafik_Anggota.png>
Package pdftex.def Info: gambar/Grafik_Anggota.png  used on input line 181.
(pdftex.def)             Requested size: 406.87448pt x 244.35432pt.
 [86 <./gambar/Hasil_Anggota.png>]
Underfull \hbox (badness 10000) in paragraph at lines 185--191

 []


Underfull \hbox (badness 10000) in paragraph at lines 185--191

 []


Underfull \hbox (badness 10000) in paragraph at lines 185--191

 []


Underfull \hbox (badness 10000) in paragraph at lines 185--191

 []


Underfull \hbox (badness 10000) in paragraph at lines 185--191

 []

<gambar/Tabel_Pengawas.jpg, id=1160, 1017.04968pt x 967.36406pt>
File: gambar/Tabel_Pengawas.jpg Graphic file (type jpg)
<use gambar/Tabel_Pengawas.jpg>
Package pdftex.def Info: gambar/Tabel_Pengawas.jpg  used on input line 198.
(pdftex.def)             Requested size: 406.87448pt x 386.9978pt.
[87 <./gambar/Grafik_Anggota.png>]
<gambar/Hasil_Pengawas.png, id=1166, 853.68938pt x 294.34969pt>
File: gambar/Hasil_Pengawas.png Graphic file (type png)
<use gambar/Hasil_Pengawas.png>
Package pdftex.def Info: gambar/Hasil_Pengawas.png  used on input line 206.
(pdftex.def)             Requested size: 406.87448pt x 140.29362pt.
 [88 <./gambar/Tabel_Pengawas.jpg>]
<gambar/Grafik_Pengawas.png, id=1171, 359.09157pt x 216.05719pt>
File: gambar/Grafik_Pengawas.png Graphic file (type png)
<use gambar/Grafik_Pengawas.png>
Package pdftex.def Info: gambar/Grafik_Pengawas.png  used on input line 222.
(pdftex.def)             Requested size: 406.87448pt x 244.82419pt.
 [89 <./gambar/Hasil_Pengawas.png>]) [90 <./gambar/Grafik_Pengawas.png>]
\openout2 = `bab5.aux'.

 (bab5.tex
BAB V.
[91



]
Overfull \hbox (0.86224pt too wide) in paragraph at lines 19--20
\T1/ptm/m/it/12 si-te \T1/ptm/m/n/12 mem-per-mu-dah \T1/ptm/m/it/12 admin \T1/p
tm/m/n/12 da-lam me-la-ku-kan pe-nge-lo-la-an da-ta yang ada di KOP-
 []

) [92] [93


]
Underfull \hbox (badness 10000) in paragraph at lines 244--245
[]\T1/ptm/m/n/12 KOPMA UNJ. (2017, Ok-to-ber 08). \T1/ptm/m/it/12 Pro-fi-le \T1
/ptm/m/n/12 KOP-MA UNJ. \T1/ptm/m/it/12 Re-
 []


Underfull \hbox (badness 10000) in paragraph at lines 244--245
\T1/ptm/m/it/12 trie-ved from \T1/ptm/m/n/12 Ko-pe-ra-si Ma-ha-sis-wa Uni-ver-s
i-tas Ne-ge-ri Ja-kar-ta: ht-
 []

[94]
Underfull \hbox (badness 2970) in paragraph at lines 252--253
\T1/ptm/m/n/12 Mo-ni-to-ring Ke-gi-at-an Ka-pal Pa-da Kan-tor Ke-sya-hban-dar-a
n Dan Oto-ri-tas
 []


Underfull \hbox (badness 3019) in paragraph at lines 252--253
\T1/ptm/m/n/12 Pe-la-buh-an Di Sa-ma-rin-da. Pro-si-ding Se-mi-nar Il-mu Kom-pu
-ter dan Tek-
 []


Underfull \hbox (badness 2080) in paragraph at lines 252--253
\T1/ptm/m/n/12 no-lo-gi In-for-ma-si Vol.2 No.1. Ka-li-mant-an Ti-mur: Di-ku-ti
p da-ri http://e-
 []

[95] [96]
\openout2 = `lampiran.aux'.

 (lampiran.tex
LAMPIRAN A.
<gambar/UR-1.jpg, id=1221, 1659.19875pt x 2347.77126pt>
File: gambar/UR-1.jpg Graphic file (type jpg)
<use gambar/UR-1.jpg>
Package pdftex.def Info: gambar/UR-1.jpg  used on input line 6.
(pdftex.def)             Requested size: 386.52951pt x 546.9259pt.
<gambar/UR-2.jpg, id=1222, 1659.19875pt x 2347.77126pt>
File: gambar/UR-2.jpg Graphic file (type jpg)
<use gambar/UR-2.jpg>
Package pdftex.def Info: gambar/UR-2.jpg  used on input line 10.
(pdftex.def)             Requested size: 386.52951pt x 546.9259pt.
<gambar/UR-3.jpg, id=1223, 1659.19875pt x 2347.77126pt>
File: gambar/UR-3.jpg Graphic file (type jpg)
<use gambar/UR-3.jpg>
Package pdftex.def Info: gambar/UR-3.jpg  used on input line 14.
(pdftex.def)             Requested size: 386.52951pt x 546.9259pt.
[97


 <./gambar/UR-1.jpg>]
<gambar/UR-4.jpg, id=1229, 1659.19875pt x 2347.77126pt>
File: gambar/UR-4.jpg Graphic file (type jpg)
<use gambar/UR-4.jpg>
Package pdftex.def Info: gambar/UR-4.jpg  used on input line 18.
(pdftex.def)             Requested size: 386.52951pt x 546.9259pt.
 [98 <./gambar/UR-2.jpg>]
<gambar/UR-5.jpg, id=1235, 1659.19875pt x 2347.77126pt>
File: gambar/UR-5.jpg Graphic file (type jpg)
<use gambar/UR-5.jpg>
Package pdftex.def Info: gambar/UR-5.jpg  used on input line 22.
(pdftex.def)             Requested size: 386.52951pt x 546.9259pt.
 [99 <./gambar/UR-3.jpg>]
[100 <./gambar/UR-4.jpg>] [101 <./gambar/UR-5.jpg>]
LAMPIRAN B.
<gambar/surat_awal.jpg, id=1252, 1661.20625pt x 2347.77126pt>
File: gambar/surat_awal.jpg Graphic file (type jpg)
<use gambar/surat_awal.jpg>
Package pdftex.def Info: gambar/surat_awal.jpg  used on input line 28.
(pdftex.def)             Requested size: 386.52951pt x 546.28108pt.
<gambar/surat_awal2.jpg, id=1253, 1661.20625pt x 2347.77126pt>
File: gambar/surat_awal2.jpg Graphic file (type jpg)
<use gambar/surat_awal2.jpg>
Package pdftex.def Info: gambar/surat_awal2.jpg  used on input line 33.
(pdftex.def)             Requested size: 386.52951pt x 546.28108pt.
[102

 <./gambar/surat_awal.jpg>]
<gambar/surat_admin1.jpg, id=1259, 1661.20625pt x 2347.77126pt>
File: gambar/surat_admin1.jpg Graphic file (type jpg)
<use gambar/surat_admin1.jpg>
Package pdftex.def Info: gambar/surat_admin1.jpg  used on input line 38.
(pdftex.def)             Requested size: 386.52951pt x 546.28108pt.
 [103 <./gambar/surat_awal2.jpg>]
<gambar/surat_admin2.jpg, id=1265, 1661.20625pt x 2347.77126pt>
File: gambar/surat_admin2.jpg Graphic file (type jpg)
<use gambar/surat_admin2.jpg>
Package pdftex.def Info: gambar/surat_admin2.jpg  used on input line 43.
(pdftex.def)             Requested size: 386.52951pt x 546.28108pt.
 [104 <./gambar/surat_admin1.jpg>]
<gambar/surat_admin3.jpg, id=1271, 1661.20625pt x 2347.77126pt>
File: gambar/surat_admin3.jpg Graphic file (type jpg)
<use gambar/surat_admin3.jpg>
Package pdftex.def Info: gambar/surat_admin3.jpg  used on input line 48.
(pdftex.def)             Requested size: 386.52951pt x 546.28108pt.
 [105 <./gambar/surat_admin2.jpg>] [106 <./gambar/surat_admin3.jpg>]
LAMPIRAN C.
File: gambar/surat_awal.jpg Graphic file (type jpg)
<use gambar/surat_awal.jpg>
Package pdftex.def Info: gambar/surat_awal.jpg  used on input line 54.
(pdftex.def)             Requested size: 386.52951pt x 546.28108pt.
File: gambar/surat_awal2.jpg Graphic file (type jpg)
<use gambar/surat_awal2.jpg>
Package pdftex.def Info: gambar/surat_awal2.jpg  used on input line 59.
(pdftex.def)             Requested size: 386.52951pt x 546.28108pt.
[107

]
<gambar/surat_anggota.jpg, id=1288, 1661.20625pt x 2347.77126pt>
File: gambar/surat_anggota.jpg Graphic file (type jpg)
<use gambar/surat_anggota.jpg>
Package pdftex.def Info: gambar/surat_anggota.jpg  used on input line 64.
(pdftex.def)             Requested size: 386.52951pt x 546.28108pt.
 [108] [109 <./gambar/surat_anggota.jpg>]
LAMPIRAN D.
File: gambar/surat_awal.jpg Graphic file (type jpg)
<use gambar/surat_awal.jpg>
Package pdftex.def Info: gambar/surat_awal.jpg  used on input line 70.
(pdftex.def)             Requested size: 386.52951pt x 546.28108pt.
File: gambar/surat_awal2.jpg Graphic file (type jpg)
<use gambar/surat_awal2.jpg>
Package pdftex.def Info: gambar/surat_awal2.jpg  used on input line 75.
(pdftex.def)             Requested size: 386.52951pt x 546.28108pt.
[110

]
<gambar/surat_pengawas.jpg, id=1304, 1661.20625pt x 2347.77126pt>
File: gambar/surat_pengawas.jpg Graphic file (type jpg)
<use gambar/surat_pengawas.jpg>
Package pdftex.def Info: gambar/surat_pengawas.jpg  used on input line 80.
(pdftex.def)             Requested size: 386.52951pt x 546.28108pt.
 [111] [112 <./gambar/surat_pengawas.jpg>]
LAMPIRAN E.
LaTeX Font Info:    Try loading font information for T1+pcr on input line 84.
("C:\Users\Asus\AppData\Local\Programs\MiKTeX 2.9\tex\latex\psnfss\t1pcr.fd"
File: t1pcr.fd 2001/06/04 font definitions for T1/pcr.
)
[113

]
Overfull \hbox (17.92534pt too wide) in paragraph at lines 123--123
[]\T1/pcr/m/n/12 if (!isset($id_anggota)) redirect('admin/anggota/anggota');[] 

 []

[114]
Overfull \hbox (39.52533pt too wide) in paragraph at lines 137--137
[]\T1/pcr/m/n/12 $this->session->set_flashdata('success', 'Berhasil disimpan');
[] 
 []


Overfull \hbox (17.92534pt too wide) in paragraph at lines 144--144
[]\T1/pcr/m/n/12 if (!isset($id_anggota)) redirect('admin/anggota/anggota');
 []


Overfull \hbox (39.52533pt too wide) in paragraph at lines 151--151
[]\T1/pcr/m/n/12 $this->session->set_flashdata('success', 'Berhasil disimpan');
[] 
 []

[115] [116] [117] [118] [119]
Overfull \hbox (3.52534pt too wide) in paragraph at lines 266--266
[]\T1/pcr/m/n/12 $this->anggota_model->getByNonAdmin($level,$status_user);[] 
 []


Overfull \hbox (25.12534pt too wide) in paragraph at lines 275--275
[]\T1/pcr/m/n/12 $this->anggota_model->getByNonPengawas($level,$status_user);[]
 
 []

[120]
LAMPIRAN F.
[121

] [122] [123] [124] [125] [126] [127]
Overfull \hbox (39.52533pt too wide) in paragraph at lines 485--485
[]\T1/pcr/m/n/12 'keuangan' => $anggota->keuangan + $anggota->simpanan_anggota,
[] 
 []

[128] [129] [130]
Overfull \hbox (39.52533pt too wide) in paragraph at lines 558--558
[]\T1/pcr/m/n/12 ["level" => $level, "status_user" => $status_user])->result();
[] 
 []

[131]
Overfull \hbox (39.52533pt too wide) in paragraph at lines 570--570
[]\T1/pcr/m/n/12 ["level" => $level, "status_user" => $status_user])->result();
[] 
 []

[132]
LAMPIRAN G.

Overfull \hbox (3.52534pt too wide) in paragraph at lines 585--585
[]\T1/pcr/m/n/12 <?php $this->load->view("admin/_partials/sidebar.php") ?>[] 
 []


Overfull \hbox (39.52533pt too wide) in paragraph at lines 588--588
[]\T1/pcr/m/n/12 <?php //$this->load->view("admin/_partials/breadcrumb.php") ?>
[] 
 []

[133

] [134]
Overfull \hbox (10.72534pt too wide) in paragraph at lines 647--647
[]\T1/pcr/m/n/12 site_url('admin/anggota/detail/'.$anggota->id_anggota) ?>"[] 
 []


Overfull \hbox (17.92534pt too wide) in paragraph at lines 651--651
[]\T1/pcr/m/n/12 site_url('admin/anggota/putih/'.$anggota->id_anggota) ?>')"[] 

 []

[135]
Overfull \hbox (46.72533pt too wide) in paragraph at lines 661--661
[]\T1/pcr/m/n/12 echo site_url('admin/anggota/reset_pass/'.$anggota->id_anggota
)[] 
 []


Overfull \hbox (10.72534pt too wide) in paragraph at lines 667--667
[]\T1/pcr/m/n/12 site_url('admin/anggota/baru/'.$anggota->id_anggota) ?>')"[] 
 []


Overfull \hbox (25.12534pt too wide) in paragraph at lines 672--672
[]\T1/pcr/m/n/12 site_url('admin/anggota/delete/'.$anggota->id_anggota) ?>')"[]
 
 []

[136]
Overfull \hbox (17.92534pt too wide) in paragraph at lines 685--685
[]\T1/pcr/m/n/12 <?php $this->load->view("admin/_partials/scrolltop.php") ?>[] 

 []

[137]) [138]
\openout2 = `cv.aux'.

 (cv.tex
<gambar/pas-foto.jpg, id=1425, 115.632pt x 173.448pt>
File: gambar/pas-foto.jpg Graphic file (type jpg)
<use gambar/pas-foto.jpg>
Package pdftex.def Info: gambar/pas-foto.jpg  used on input line 8.
(pdftex.def)             Requested size: 109.85783pt x 164.79582pt.
) [139



 <./gambar/pas-foto.jpg>] [140]
Package atveryend Info: Empty hook `BeforeClearDocument' on input line 274.
Package atveryend Info: Empty hook `AfterLastShipout' on input line 274.
 (template-skripsi.aux (pengesahan.aux) (persetujuan.aux) (orisinalitas.aux) (b
ab1.aux) (bab2.aux)
(bab3.aux) (bab4.aux) (bab5.aux) (lampiran.aux) (cv.aux))
Package atveryend Info: Executing hook `AtVeryEndDocument' on input line 274.
Package atveryend Info: Executing hook `AtEndAfterFileList' on input line 274.
Package rerunfilecheck Info: File `template-skripsi.out' has not changed.
(rerunfilecheck)             Checksum: 31BC312DB5C354638085B1BB9F35D7A0;4361.
Package atveryend Info: Empty hook `AtVeryVeryEnd' on input line 274.
 ) 
Here is how much of TeX's memory you used:
 10372 strings out of 492970
 159510 string characters out of 3127038
 262778 words of memory out of 3000000
 13437 multiletter control sequences out of 15000+200000
 36087 words of font info for 49 fonts, out of 3000000 for 9000
 1167 hyphenation exceptions out of 8191
 48i,10n,41p,1606b,510s stack positions out of 5000i,500n,10000p,200000b,50000s
{C:/Users/Asus/AppData/Local/Programs/MiKTeX 2.9/fonts/enc/dvips/base/8r.enc}
<C:/Users/Asus/AppData/Local/Programs/MiKTeX 2.9/fonts/type1/public/amsfonts/cm
/cmsy10.pfb><C:/Users/Asus/AppData/Local/Programs/MiKTeX 2.9/fonts/type1/urw/co
urier/ucrr8a.pfb><C:/Users/Asus/AppData/Local/Programs/MiKTeX 2.9/fonts/type1/u
rw/times/utmb8a.pfb><C:/Users/Asus/AppData/Local/Programs/MiKTeX 2.9/fonts/type
1/urw/times/utmbi8a.pfb><C:/Users/Asus/AppData/Local/Programs/MiKTeX 2.9/fonts/
type1/urw/times/utmr8a.pfb><C:/Users/Asus/AppData/Local/Programs/MiKTeX 2.9/fon
ts/type1/urw/times/utmri8a.pfb>
Output written on template-skripsi.pdf (156 pages, 10461455 bytes).
PDF statistics:
 1558 PDF objects out of 1728 (max. 8388607)
 461 named destinations out of 1000 (max. 500000)
 875 words of extra memory for PDF output out of 10000 (max. 10000000)

